<?xml version="1.0" encoding="UTF-8"?>
<coverage generated="1732730054284" clover="3.2.0">
  <project timestamp="1732730054284" name="All files">
    <metrics statements="346" coveredstatements="207" conditionals="322" coveredconditionals="102" methods="57" coveredmethods="25" elements="725" coveredelements="334" complexity="0" loc="346" ncloc="346" packages="2" files="51" classes="51"/>
    <package name="src">
      <metrics statements="116" coveredstatements="75" conditionals="141" coveredconditionals="51" methods="27" coveredmethods="13"/>
      <file name="add.js" path="C:\Users\otsot\kurssit\testing\COMP.SE.200-2024-2025-1\src\add.js">
        <metrics statements="1" coveredstatements="1" conditionals="0" coveredconditionals="0" methods="1" coveredmethods="1"/>
        <line num="16" count="1" type="stmt"/>
      </file>
      <file name="divide.js" path="C:\Users\otsot\kurssit\testing\COMP.SE.200-2024-2025-1\src\divide.js">
        <metrics statements="1" coveredstatements="1" conditionals="0" coveredconditionals="0" methods="1" coveredmethods="1"/>
        <line num="16" count="1" type="stmt"/>
      </file>
      <file name="drop.js" path="C:\Users\otsot\kurssit\testing\COMP.SE.200-2024-2025-1\src\drop.js">
        <metrics statements="2" coveredstatements="2" conditionals="7" coveredconditionals="3" methods="1" coveredmethods="1"/>
        <line num="27" count="1" type="cond" truecount="1" falsecount="1"/>
        <line num="28" count="1" type="cond" truecount="1" falsecount="1"/>
      </file>
      <file name="filter.js" path="C:\Users\otsot\kurssit\testing\COMP.SE.200-2024-2025-1\src\filter.js">
        <metrics statements="9" coveredstatements="9" conditionals="4" coveredconditionals="3" methods="1" coveredmethods="1"/>
        <line num="25" count="1" type="stmt"/>
        <line num="26" count="1" type="stmt"/>
        <line num="27" count="1" type="cond" truecount="1" falsecount="1"/>
        <line num="28" count="1" type="stmt"/>
        <line num="30" count="1" type="stmt"/>
        <line num="31" count="5" type="stmt"/>
        <line num="32" count="5" type="cond" truecount="2" falsecount="0"/>
        <line num="33" count="1" type="stmt"/>
        <line num="36" count="1" type="stmt"/>
      </file>
      <file name="get.js" path="C:\Users\otsot\kurssit\testing\COMP.SE.200-2024-2025-1\src\get.js">
        <metrics statements="2" coveredstatements="2" conditionals="4" coveredconditionals="2" methods="1" coveredmethods="1"/>
        <line num="28" count="1" type="cond" truecount="1" falsecount="1"/>
        <line num="29" count="1" type="cond" truecount="1" falsecount="1"/>
      </file>
      <file name="isArguments.js" path="C:\Users\otsot\kurssit\testing\COMP.SE.200-2024-2025-1\src\isArguments.js">
        <metrics statements="1" coveredstatements="0" conditionals="2" coveredconditionals="0" methods="1" coveredmethods="0"/>
        <line num="20" count="0" type="cond" truecount="0" falsecount="2"/>
      </file>
      <file name="isArrayLike.js" path="C:\Users\otsot\kurssit\testing\COMP.SE.200-2024-2025-1\src\isArrayLike.js">
        <metrics statements="1" coveredstatements="0" conditionals="3" coveredconditionals="0" methods="1" coveredmethods="0"/>
        <line num="27" count="0" type="cond" truecount="0" falsecount="3"/>
      </file>
      <file name="isBuffer.js" path="C:\Users\otsot\kurssit\testing\COMP.SE.200-2024-2025-1\src\isBuffer.js">
        <metrics statements="6" coveredstatements="6" conditionals="17" coveredconditionals="14" methods="1" coveredmethods="0"/>
        <line num="4" count="1" type="cond" truecount="4" falsecount="0"/>
        <line num="7" count="1" type="cond" truecount="5" falsecount="0"/>
        <line num="10" count="1" type="cond" truecount="2" falsecount="0"/>
        <line num="13" count="1" type="cond" truecount="1" falsecount="1"/>
        <line num="16" count="1" type="cond" truecount="1" falsecount="1"/>
        <line num="33" count="1" type="cond" truecount="1" falsecount="1"/>
      </file>
      <file name="isDate.js" path="C:\Users\otsot\kurssit\testing\COMP.SE.200-2024-2025-1\src\isDate.js">
        <metrics statements="4" coveredstatements="3" conditionals="6" coveredconditionals="3" methods="2" coveredmethods="1"/>
        <line num="6" count="1" type="cond" truecount="2" falsecount="0"/>
        <line num="23" count="1" type="cond" truecount="1" falsecount="1"/>
        <line num="24" count="2" type="stmt"/>
        <line num="25" count="0" type="cond" truecount="0" falsecount="2"/>
      </file>
      <file name="isLength.js" path="C:\Users\otsot\kurssit\testing\COMP.SE.200-2024-2025-1\src\isLength.js">
        <metrics statements="2" coveredstatements="1" conditionals="4" coveredconditionals="0" methods="1" coveredmethods="0"/>
        <line num="2" count="1" type="stmt"/>
        <line num="29" count="0" type="cond" truecount="0" falsecount="4"/>
      </file>
      <file name="isObject.js" path="C:\Users\otsot\kurssit\testing\COMP.SE.200-2024-2025-1\src\isObject.js">
        <metrics statements="2" coveredstatements="0" conditionals="3" coveredconditionals="0" methods="1" coveredmethods="0"/>
        <line num="25" count="0" type="stmt"/>
        <line num="26" count="0" type="cond" truecount="0" falsecount="3"/>
      </file>
      <file name="isObjectLike.js" path="C:\Users\otsot\kurssit\testing\COMP.SE.200-2024-2025-1\src\isObjectLike.js">
        <metrics statements="1" coveredstatements="0" conditionals="2" coveredconditionals="0" methods="1" coveredmethods="0"/>
        <line num="24" count="0" type="cond" truecount="0" falsecount="2"/>
      </file>
      <file name="isSymbol.js" path="C:\Users\otsot\kurssit\testing\COMP.SE.200-2024-2025-1\src\isSymbol.js">
        <metrics statements="2" coveredstatements="0" conditionals="4" coveredconditionals="0" methods="1" coveredmethods="0"/>
        <line num="19" count="0" type="stmt"/>
        <line num="20" count="0" type="cond" truecount="0" falsecount="4"/>
      </file>
      <file name="isTypedArray.js" path="C:\Users\otsot\kurssit\testing\COMP.SE.200-2024-2025-1\src\isTypedArray.js">
        <metrics statements="5" coveredstatements="3" conditionals="6" coveredconditionals="3" methods="2" coveredmethods="0"/>
        <line num="6" count="1" type="stmt"/>
        <line num="9" count="1" type="cond" truecount="2" falsecount="0"/>
        <line num="26" count="1" type="cond" truecount="1" falsecount="1"/>
        <line num="27" count="0" type="stmt"/>
        <line num="28" count="0" type="cond" truecount="0" falsecount="2"/>
      </file>
      <file name="keys.js" path="C:\Users\otsot\kurssit\testing\COMP.SE.200-2024-2025-1\src\keys.js">
        <metrics statements="1" coveredstatements="0" conditionals="2" coveredconditionals="0" methods="1" coveredmethods="0"/>
        <line num="32" count="0" type="cond" truecount="0" falsecount="2"/>
      </file>
      <file name="map.js" path="C:\Users\otsot\kurssit\testing\COMP.SE.200-2024-2025-1\src\map.js">
        <metrics statements="6" coveredstatements="6" conditionals="2" coveredconditionals="1" methods="1" coveredmethods="1"/>
        <line num="20" count="1" type="stmt"/>
        <line num="21" count="1" type="cond" truecount="1" falsecount="1"/>
        <line num="22" count="1" type="stmt"/>
        <line num="24" count="1" type="stmt"/>
        <line num="25" count="5" type="stmt"/>
        <line num="27" count="1" type="stmt"/>
      </file>
      <file name="memoize.js" path="C:\Users\otsot\kurssit\testing\COMP.SE.200-2024-2025-1\src\memoize.js">
        <metrics statements="13" coveredstatements="5" conditionals="13" coveredconditionals="5" methods="2" coveredmethods="1"/>
        <line num="44" count="1" type="cond" truecount="4" falsecount="1"/>
        <line num="45" count="0" type="stmt"/>
        <line num="47" count="1" type="stmt"/>
        <line num="48" count="0" type="cond" truecount="0" falsecount="2"/>
        <line num="49" count="0" type="stmt"/>
        <line num="51" count="0" type="cond" truecount="0" falsecount="2"/>
        <line num="52" count="0" type="stmt"/>
        <line num="54" count="0" type="stmt"/>
        <line num="55" count="0" type="cond" truecount="0" falsecount="2"/>
        <line num="56" count="0" type="stmt"/>
        <line num="58" count="1" type="cond" truecount="1" falsecount="1"/>
        <line num="59" count="1" type="stmt"/>
        <line num="62" count="1" type="stmt"/>
      </file>
      <file name="reduce.js" path="C:\Users\otsot\kurssit\testing\COMP.SE.200-2024-2025-1\src\reduce.js">
        <metrics statements="3" coveredstatements="0" conditionals="2" coveredconditionals="0" methods="1" coveredmethods="0"/>
        <line num="39" count="0" type="cond" truecount="0" falsecount="2"/>
        <line num="40" count="0" type="stmt"/>
        <line num="41" count="0" type="stmt"/>
      </file>
      <file name="slice.js" path="C:\Users\otsot\kurssit\testing\COMP.SE.200-2024-2025-1\src\slice.js">
        <metrics statements="16" coveredstatements="13" conditionals="16" coveredconditionals="7" methods="1" coveredmethods="1"/>
        <line num="22" count="1" type="cond" truecount="1" falsecount="1"/>
        <line num="23" count="1" type="cond" truecount="1" falsecount="1"/>
        <line num="24" count="0" type="stmt"/>
        <line num="26" count="1" type="cond" truecount="1" falsecount="1"/>
        <line num="27" count="1" type="cond" truecount="1" falsecount="1"/>
        <line num="29" count="1" type="cond" truecount="1" falsecount="1"/>
        <line num="30" count="0" type="cond" truecount="0" falsecount="2"/>
        <line num="32" count="1" type="cond" truecount="1" falsecount="1"/>
        <line num="33" count="0" type="stmt"/>
        <line num="35" count="1" type="cond" truecount="1" falsecount="1"/>
        <line num="36" count="1" type="stmt"/>
        <line num="38" count="1" type="stmt"/>
        <line num="39" count="1" type="stmt"/>
        <line num="40" count="1" type="stmt"/>
        <line num="41" count="1" type="stmt"/>
        <line num="43" count="1" type="stmt"/>
      </file>
      <file name="toFinite.js" path="C:\Users\otsot\kurssit\testing\COMP.SE.200-2024-2025-1\src\toFinite.js">
        <metrics statements="9" coveredstatements="6" conditionals="12" coveredconditionals="5" methods="1" coveredmethods="1"/>
        <line num="4" count="1" type="stmt"/>
        <line num="5" count="1" type="stmt"/>
        <line num="29" count="1" type="cond" truecount="1" falsecount="1"/>
        <line num="30" count="0" type="cond" truecount="0" falsecount="2"/>
        <line num="32" count="1" type="stmt"/>
        <line num="33" count="1" type="cond" truecount="3" falsecount="1"/>
        <line num="34" count="0" type="cond" truecount="0" falsecount="2"/>
        <line num="35" count="0" type="stmt"/>
        <line num="37" count="1" type="cond" truecount="1" falsecount="1"/>
      </file>
      <file name="toInteger.js" path="C:\Users\otsot\kurssit\testing\COMP.SE.200-2024-2025-1\src\toInteger.js">
        <metrics statements="3" coveredstatements="3" conditionals="2" coveredconditionals="1" methods="1" coveredmethods="1"/>
        <line num="29" count="1" type="stmt"/>
        <line num="30" count="1" type="stmt"/>
        <line num="32" count="1" type="cond" truecount="1" falsecount="1"/>
      </file>
      <file name="toNumber.js" path="C:\Users\otsot\kurssit\testing\COMP.SE.200-2024-2025-1\src\toNumber.js">
        <metrics statements="18" coveredstatements="8" conditionals="22" coveredconditionals="1" methods="1" coveredmethods="1"/>
        <line num="5" count="1" type="stmt"/>
        <line num="8" count="1" type="stmt"/>
        <line num="11" count="1" type="stmt"/>
        <line num="14" count="1" type="stmt"/>
        <line num="17" count="1" type="stmt"/>
        <line num="20" count="1" type="stmt"/>
        <line num="45" count="1" type="cond" truecount="1" falsecount="1"/>
        <line num="46" count="1" type="stmt"/>
        <line num="48" count="0" type="cond" truecount="0" falsecount="2"/>
        <line num="49" count="0" type="stmt"/>
        <line num="51" count="0" type="cond" truecount="0" falsecount="2"/>
        <line num="52" count="0" type="cond" truecount="0" falsecount="2"/>
        <line num="53" count="0" type="cond" truecount="0" falsecount="2"/>
        <line num="55" count="0" type="cond" truecount="0" falsecount="2"/>
        <line num="56" count="0" type="cond" truecount="0" falsecount="2"/>
        <line num="58" count="0" type="stmt"/>
        <line num="59" count="0" type="stmt"/>
        <line num="60" count="0" type="cond" truecount="0" falsecount="4"/>
      </file>
      <file name="upperFirst.js" path="C:\Users\otsot\kurssit\testing\COMP.SE.200-2024-2025-1\src\upperFirst.js">
        <metrics statements="1" coveredstatements="1" conditionals="0" coveredconditionals="0" methods="0" coveredmethods="0"/>
        <line num="19" count="1" type="stmt"/>
      </file>
      <file name="words.js" path="C:\Users\otsot\kurssit\testing\COMP.SE.200-2024-2025-1\src\words.js">
        <metrics statements="7" coveredstatements="5" conditionals="8" coveredconditionals="3" methods="2" coveredmethods="1"/>
        <line num="3" count="1" type="stmt"/>
        <line num="8" count="1" type="stmt"/>
        <line num="11" count="0" type="stmt"/>
        <line num="31" count="1" type="cond" truecount="1" falsecount="1"/>
        <line num="32" count="1" type="cond" truecount="1" falsecount="1"/>
        <line num="33" count="1" type="cond" truecount="1" falsecount="1"/>
        <line num="35" count="0" type="cond" truecount="0" falsecount="2"/>
      </file>
    </package>
    <package name="src..internal">
      <metrics statements="230" coveredstatements="132" conditionals="181" coveredconditionals="51" methods="30" coveredmethods="12"/>
      <file name="arrayLikeKeys.js" path="C:\Users\otsot\kurssit\testing\COMP.SE.200-2024-2025-1\src\.internal\arrayLikeKeys.js">
        <metrics statements="15" coveredstatements="1" conditionals="25" coveredconditionals="0" methods="1" coveredmethods="0"/>
        <line num="7" count="1" type="stmt"/>
        <line num="18" count="0" type="stmt"/>
        <line num="19" count="0" type="cond" truecount="0" falsecount="2"/>
        <line num="20" count="0" type="cond" truecount="0" falsecount="3"/>
        <line num="21" count="0" type="cond" truecount="0" falsecount="4"/>
        <line num="22" count="0" type="cond" truecount="0" falsecount="4"/>
        <line num="23" count="0" type="stmt"/>
        <line num="24" count="0" type="cond" truecount="0" falsecount="2"/>
        <line num="25" count="0" type="cond" truecount="0" falsecount="2"/>
        <line num="26" count="0" type="stmt"/>
        <line num="27" count="0" type="stmt"/>
        <line num="29" count="0" type="stmt"/>
        <line num="30" count="0" type="cond" truecount="0" falsecount="5"/>
        <line num="37" count="0" type="stmt"/>
        <line num="40" count="0" type="stmt"/>
      </file>
      <file name="arrayReduce.js" path="C:\Users\otsot\kurssit\testing\COMP.SE.200-2024-2025-1\src\.internal\arrayReduce.js">
        <metrics statements="7" coveredstatements="0" conditionals="6" coveredconditionals="0" methods="1" coveredmethods="0"/>
        <line num="13" count="0" type="stmt"/>
        <line num="14" count="0" type="cond" truecount="0" falsecount="2"/>
        <line num="16" count="0" type="cond" truecount="0" falsecount="4"/>
        <line num="17" count="0" type="stmt"/>
        <line num="19" count="0" type="stmt"/>
        <line num="20" count="0" type="stmt"/>
        <line num="22" count="0" type="stmt"/>
      </file>
      <file name="asciiToArray.js" path="C:\Users\otsot\kurssit\testing\COMP.SE.200-2024-2025-1\src\.internal\asciiToArray.js">
        <metrics statements="1" coveredstatements="0" conditionals="0" coveredconditionals="0" methods="1" coveredmethods="0"/>
        <line num="9" count="0" type="stmt"/>
      </file>
      <file name="baseEach.js" path="C:\Users\otsot\kurssit\testing\COMP.SE.200-2024-2025-1\src\.internal\baseEach.js">
        <metrics statements="11" coveredstatements="0" conditionals="6" coveredconditionals="0" methods="1" coveredmethods="0"/>
        <line num="13" count="0" type="cond" truecount="0" falsecount="2"/>
        <line num="14" count="0" type="stmt"/>
        <line num="16" count="0" type="cond" truecount="0" falsecount="2"/>
        <line num="17" count="0" type="stmt"/>
        <line num="19" count="0" type="stmt"/>
        <line num="20" count="0" type="stmt"/>
        <line num="21" count="0" type="stmt"/>
        <line num="23" count="0" type="stmt"/>
        <line num="24" count="0" type="cond" truecount="0" falsecount="2"/>
        <line num="25" count="0" type="stmt"/>
        <line num="28" count="0" type="stmt"/>
      </file>
      <file name="baseFor.js" path="C:\Users\otsot\kurssit\testing\COMP.SE.200-2024-2025-1\src\.internal\baseFor.js">
        <metrics statements="9" coveredstatements="0" conditionals="2" coveredconditionals="0" methods="1" coveredmethods="0"/>
        <line num="13" count="0" type="stmt"/>
        <line num="14" count="0" type="stmt"/>
        <line num="15" count="0" type="stmt"/>
        <line num="16" count="0" type="stmt"/>
        <line num="18" count="0" type="stmt"/>
        <line num="19" count="0" type="stmt"/>
        <line num="20" count="0" type="cond" truecount="0" falsecount="2"/>
        <line num="21" count="0" type="stmt"/>
        <line num="24" count="0" type="stmt"/>
      </file>
      <file name="baseForOwn.js" path="C:\Users\otsot\kurssit\testing\COMP.SE.200-2024-2025-1\src\.internal\baseForOwn.js">
        <metrics statements="1" coveredstatements="0" conditionals="2" coveredconditionals="0" methods="1" coveredmethods="0"/>
        <line num="13" count="0" type="cond" truecount="0" falsecount="2"/>
      </file>
      <file name="baseGet.js" path="C:\Users\otsot\kurssit\testing\COMP.SE.200-2024-2025-1\src\.internal\baseGet.js">
        <metrics statements="6" coveredstatements="6" conditionals="6" coveredconditionals="5" methods="1" coveredmethods="1"/>
        <line num="13" count="1" type="stmt"/>
        <line num="15" count="1" type="stmt"/>
        <line num="16" count="1" type="stmt"/>
        <line num="18" count="1" type="cond" truecount="2" falsecount="0"/>
        <line num="19" count="1" type="stmt"/>
        <line num="21" count="1" type="cond" truecount="3" falsecount="1"/>
      </file>
      <file name="baseReduce.js" path="C:\Users\otsot\kurssit\testing\COMP.SE.200-2024-2025-1\src\.internal\baseReduce.js">
        <metrics statements="3" coveredstatements="0" conditionals="2" coveredconditionals="0" methods="2" coveredmethods="0"/>
        <line num="15" count="0" type="stmt"/>
        <line num="16" count="0" type="cond" truecount="0" falsecount="2"/>
        <line num="20" count="0" type="stmt"/>
      </file>
      <file name="baseToNumber.js" path="C:\Users\otsot\kurssit\testing\COMP.SE.200-2024-2025-1\src\.internal\baseToNumber.js">
        <metrics statements="6" coveredstatements="3" conditionals="4" coveredconditionals="1" methods="1" coveredmethods="1"/>
        <line num="4" count="1" type="stmt"/>
        <line num="15" count="4" type="cond" truecount="1" falsecount="1"/>
        <line num="16" count="4" type="stmt"/>
        <line num="18" count="0" type="cond" truecount="0" falsecount="2"/>
        <line num="19" count="0" type="stmt"/>
        <line num="21" count="0" type="stmt"/>
      </file>
      <file name="baseToString.js" path="C:\Users\otsot\kurssit\testing\COMP.SE.200-2024-2025-1\src\.internal\baseToString.js">
        <metrics statements="10" coveredstatements="2" conditionals="12" coveredconditionals="0" methods="1" coveredmethods="0"/>
        <line num="4" count="1" type="stmt"/>
        <line num="7" count="1" type="stmt"/>
        <line num="19" count="0" type="cond" truecount="0" falsecount="2"/>
        <line num="20" count="0" type="stmt"/>
        <line num="22" count="0" type="cond" truecount="0" falsecount="2"/>
        <line num="24" count="0" type="stmt"/>
        <line num="26" count="0" type="cond" truecount="0" falsecount="2"/>
        <line num="27" count="0" type="cond" truecount="0" falsecount="2"/>
        <line num="29" count="0" type="stmt"/>
        <line num="30" count="0" type="cond" truecount="0" falsecount="4"/>
      </file>
      <file name="castPath.js" path="C:\Users\otsot\kurssit\testing\COMP.SE.200-2024-2025-1\src\.internal\castPath.js">
        <metrics statements="3" coveredstatements="2" conditionals="4" coveredconditionals="1" methods="1" coveredmethods="1"/>
        <line num="13" count="1" type="cond" truecount="1" falsecount="1"/>
        <line num="14" count="1" type="stmt"/>
        <line num="16" count="0" type="cond" truecount="0" falsecount="2"/>
      </file>
      <file name="castSlice.js" path="C:\Users\otsot\kurssit\testing\COMP.SE.200-2024-2025-1\src\.internal\castSlice.js">
        <metrics statements="3" coveredstatements="0" conditionals="6" coveredconditionals="0" methods="1" coveredmethods="0"/>
        <line num="13" count="0" type="stmt"/>
        <line num="14" count="0" type="cond" truecount="0" falsecount="2"/>
        <line num="15" count="0" type="cond" truecount="0" falsecount="4"/>
      </file>
      <file name="createCaseFirst.js" path="C:\Users\otsot\kurssit\testing\COMP.SE.200-2024-2025-1\src\.internal\createCaseFirst.js">
        <metrics statements="7" coveredstatements="6" conditionals="8" coveredconditionals="4" methods="2" coveredmethods="2"/>
        <line num="13" count="1" type="stmt"/>
        <line num="14" count="1" type="cond" truecount="1" falsecount="1"/>
        <line num="15" count="0" type="stmt"/>
        <line num="18" count="1" type="cond" truecount="1" falsecount="1"/>
        <line num="22" count="1" type="cond" truecount="1" falsecount="1"/>
        <line num="26" count="1" type="cond" truecount="1" falsecount="1"/>
        <line num="30" count="1" type="stmt"/>
      </file>
      <file name="createMathOperation.js" path="C:\Users\otsot\kurssit\testing\COMP.SE.200-2024-2025-1\src\.internal\createMathOperation.js">
        <metrics statements="13" coveredstatements="8" conditionals="16" coveredconditionals="11" methods="2" coveredmethods="2"/>
        <line num="13" count="2" type="stmt"/>
        <line num="14" count="2" type="cond" truecount="2" falsecount="2"/>
        <line num="15" count="0" type="stmt"/>
        <line num="17" count="2" type="cond" truecount="3" falsecount="1"/>
        <line num="18" count="0" type="stmt"/>
        <line num="20" count="2" type="cond" truecount="3" falsecount="1"/>
        <line num="21" count="0" type="stmt"/>
        <line num="23" count="2" type="cond" truecount="3" falsecount="1"/>
        <line num="24" count="0" type="stmt"/>
        <line num="25" count="0" type="stmt"/>
        <line num="28" count="2" type="stmt"/>
        <line num="29" count="2" type="stmt"/>
        <line num="31" count="2" type="stmt"/>
      </file>
      <file name="freeGlobal.js" path="C:\Users\otsot\kurssit\testing\COMP.SE.200-2024-2025-1\src\.internal\freeGlobal.js">
        <metrics statements="1" coveredstatements="1" conditionals="4" coveredconditionals="4" methods="0" coveredmethods="0"/>
        <line num="2" count="1" type="cond" truecount="4" falsecount="0"/>
      </file>
      <file name="getTag.js" path="C:\Users\otsot\kurssit\testing\COMP.SE.200-2024-2025-1\src\.internal\getTag.js">
        <metrics statements="4" coveredstatements="1" conditionals="4" coveredconditionals="0" methods="1" coveredmethods="0"/>
        <line num="1" count="1" type="stmt"/>
        <line num="11" count="0" type="cond" truecount="0" falsecount="2"/>
        <line num="12" count="0" type="cond" truecount="0" falsecount="2"/>
        <line num="14" count="0" type="stmt"/>
      </file>
      <file name="hasUnicode.js" path="C:\Users\otsot\kurssit\testing\COMP.SE.200-2024-2025-1\src\.internal\hasUnicode.js">
        <metrics statements="11" coveredstatements="11" conditionals="0" coveredconditionals="0" methods="1" coveredmethods="1"/>
        <line num="2" count="1" type="stmt"/>
        <line num="3" count="1" type="stmt"/>
        <line num="4" count="1" type="stmt"/>
        <line num="5" count="1" type="stmt"/>
        <line num="6" count="1" type="stmt"/>
        <line num="7" count="1" type="stmt"/>
        <line num="8" count="1" type="stmt"/>
        <line num="9" count="1" type="stmt"/>
        <line num="12" count="1" type="stmt"/>
        <line num="15" count="1" type="stmt"/>
        <line num="25" count="1" type="stmt"/>
      </file>
      <file name="isIndex.js" path="C:\Users\otsot\kurssit\testing\COMP.SE.200-2024-2025-1\src\.internal\isIndex.js">
        <metrics statements="5" coveredstatements="2" conditionals="9" coveredconditionals="0" methods="1" coveredmethods="0"/>
        <line num="2" count="1" type="stmt"/>
        <line num="5" count="1" type="stmt"/>
        <line num="16" count="0" type="stmt"/>
        <line num="17" count="0" type="cond" truecount="0" falsecount="2"/>
        <line num="19" count="0" type="cond" truecount="0" falsecount="7"/>
      </file>
      <file name="isKey.js" path="C:\Users\otsot\kurssit\testing\COMP.SE.200-2024-2025-1\src\.internal\isKey.js">
        <metrics statements="8" coveredstatements="2" conditionals="12" coveredconditionals="0" methods="1" coveredmethods="0"/>
        <line num="4" count="1" type="stmt"/>
        <line num="5" count="1" type="stmt"/>
        <line num="16" count="0" type="cond" truecount="0" falsecount="2"/>
        <line num="17" count="0" type="stmt"/>
        <line num="19" count="0" type="stmt"/>
        <line num="20" count="0" type="cond" truecount="0" falsecount="6"/>
        <line num="21" count="0" type="stmt"/>
        <line num="23" count="0" type="cond" truecount="0" falsecount="4"/>
      </file>
      <file name="memoizeCapped.js" path="C:\Users\otsot\kurssit\testing\COMP.SE.200-2024-2025-1\src\.internal\memoizeCapped.js">
        <metrics statements="7" coveredstatements="3" conditionals="2" coveredconditionals="0" methods="2" coveredmethods="1"/>
        <line num="4" count="1" type="stmt"/>
        <line num="15" count="1" type="stmt"/>
        <line num="16" count="0" type="stmt"/>
        <line num="17" count="0" type="cond" truecount="0" falsecount="2"/>
        <line num="18" count="0" type="stmt"/>
        <line num="20" count="0" type="stmt"/>
        <line num="23" count="1" type="stmt"/>
      </file>
      <file name="nodeTypes.js" path="C:\Users\otsot\kurssit\testing\COMP.SE.200-2024-2025-1\src\.internal\nodeTypes.js">
        <metrics statements="8" coveredstatements="8" conditionals="21" coveredconditionals="17" methods="1" coveredmethods="1"/>
        <line num="4" count="1" type="cond" truecount="4" falsecount="0"/>
        <line num="7" count="1" type="cond" truecount="5" falsecount="0"/>
        <line num="10" count="1" type="cond" truecount="2" falsecount="0"/>
        <line num="13" count="1" type="cond" truecount="2" falsecount="0"/>
        <line num="16" count="1" type="stmt"/>
        <line num="17" count="1" type="stmt"/>
        <line num="20" count="1" type="cond" truecount="3" falsecount="0"/>
        <line num="21" count="1" type="cond" truecount="1" falsecount="1"/>
      </file>
      <file name="root.js" path="C:\Users\otsot\kurssit\testing\COMP.SE.200-2024-2025-1\src\.internal\root.js">
        <metrics statements="3" coveredstatements="3" conditionals="12" coveredconditionals="6" methods="0" coveredmethods="0"/>
        <line num="5" count="1" type="cond" truecount="4" falsecount="0"/>
        <line num="8" count="1" type="cond" truecount="1" falsecount="3"/>
        <line num="11" count="1" type="cond" truecount="1" falsecount="3"/>
      </file>
      <file name="stringToArray.js" path="C:\Users\otsot\kurssit\testing\COMP.SE.200-2024-2025-1\src\.internal\stringToArray.js">
        <metrics statements="1" coveredstatements="0" conditionals="2" coveredconditionals="0" methods="1" coveredmethods="0"/>
        <line num="13" count="0" type="cond" truecount="0" falsecount="2"/>
      </file>
      <file name="stringToPath.js" path="C:\Users\otsot\kurssit\testing\COMP.SE.200-2024-2025-1\src\.internal\stringToPath.js">
        <metrics statements="15" coveredstatements="4" conditionals="6" coveredconditionals="0" methods="2" coveredmethods="0"/>
        <line num="3" count="1" type="stmt"/>
        <line num="4" count="1" type="stmt"/>
        <line num="5" count="1" type="stmt"/>
        <line num="26" count="1" type="stmt"/>
        <line num="27" count="0" type="stmt"/>
        <line num="28" count="0" type="cond" truecount="0" falsecount="2"/>
        <line num="29" count="0" type="stmt"/>
        <line num="31" count="0" type="stmt"/>
        <line num="32" count="0" type="stmt"/>
        <line num="33" count="0" type="cond" truecount="0" falsecount="2"/>
        <line num="34" count="0" type="stmt"/>
        <line num="36" count="0" type="cond" truecount="0" falsecount="2"/>
        <line num="37" count="0" type="stmt"/>
        <line num="39" count="0" type="stmt"/>
        <line num="41" count="0" type="stmt"/>
      </file>
      <file name="toKey.js" path="C:\Users\otsot\kurssit\testing\COMP.SE.200-2024-2025-1\src\.internal\toKey.js">
        <metrics statements="5" coveredstatements="3" conditionals="8" coveredconditionals="2" methods="1" coveredmethods="1"/>
        <line num="4" count="1" type="stmt"/>
        <line num="14" count="1" type="cond" truecount="2" falsecount="2"/>
        <line num="15" count="1" type="stmt"/>
        <line num="17" count="0" type="stmt"/>
        <line num="18" count="0" type="cond" truecount="0" falsecount="4"/>
      </file>
      <file name="unicodeToArray.js" path="C:\Users\otsot\kurssit\testing\COMP.SE.200-2024-2025-1\src\.internal\unicodeToArray.js">
        <metrics statements="24" coveredstatements="23" conditionals="2" coveredconditionals="0" methods="1" coveredmethods="0"/>
        <line num="2" count="1" type="stmt"/>
        <line num="3" count="1" type="stmt"/>
        <line num="4" count="1" type="stmt"/>
        <line num="5" count="1" type="stmt"/>
        <line num="6" count="1" type="stmt"/>
        <line num="7" count="1" type="stmt"/>
        <line num="8" count="1" type="stmt"/>
        <line num="9" count="1" type="stmt"/>
        <line num="12" count="1" type="stmt"/>
        <line num="13" count="1" type="stmt"/>
        <line num="14" count="1" type="stmt"/>
        <line num="15" count="1" type="stmt"/>
        <line num="16" count="1" type="stmt"/>
        <line num="17" count="1" type="stmt"/>
        <line num="18" count="1" type="stmt"/>
        <line num="19" count="1" type="stmt"/>
        <line num="22" count="1" type="stmt"/>
        <line num="23" count="1" type="stmt"/>
        <line num="24" count="1" type="stmt"/>
        <line num="25" count="1" type="stmt"/>
        <line num="26" count="1" type="stmt"/>
        <line num="27" count="1" type="stmt"/>
        <line num="30" count="1" type="stmt"/>
        <line num="40" count="0" type="cond" truecount="0" falsecount="2"/>
      </file>
      <file name="unicodeWords.js" path="C:\Users\otsot\kurssit\testing\COMP.SE.200-2024-2025-1\src\.internal\unicodeWords.js">
        <metrics statements="43" coveredstatements="43" conditionals="0" coveredconditionals="0" methods="1" coveredmethods="1"/>
        <line num="2" count="1" type="stmt"/>
        <line num="3" count="1" type="stmt"/>
        <line num="4" count="1" type="stmt"/>
        <line num="5" count="1" type="stmt"/>
        <line num="6" count="1" type="stmt"/>
        <line num="7" count="1" type="stmt"/>
        <line num="8" count="1" type="stmt"/>
        <line num="9" count="1" type="stmt"/>
        <line num="10" count="1" type="stmt"/>
        <line num="11" count="1" type="stmt"/>
        <line num="12" count="1" type="stmt"/>
        <line num="13" count="1" type="stmt"/>
        <line num="14" count="1" type="stmt"/>
        <line num="15" count="1" type="stmt"/>
        <line num="16" count="1" type="stmt"/>
        <line num="17" count="1" type="stmt"/>
        <line num="20" count="1" type="stmt"/>
        <line num="21" count="1" type="stmt"/>
        <line num="22" count="1" type="stmt"/>
        <line num="23" count="1" type="stmt"/>
        <line num="24" count="1" type="stmt"/>
        <line num="25" count="1" type="stmt"/>
        <line num="26" count="1" type="stmt"/>
        <line num="27" count="1" type="stmt"/>
        <line num="28" count="1" type="stmt"/>
        <line num="29" count="1" type="stmt"/>
        <line num="30" count="1" type="stmt"/>
        <line num="31" count="1" type="stmt"/>
        <line num="32" count="1" type="stmt"/>
        <line num="33" count="1" type="stmt"/>
        <line num="36" count="1" type="stmt"/>
        <line num="37" count="1" type="stmt"/>
        <line num="38" count="1" type="stmt"/>
        <line num="39" count="1" type="stmt"/>
        <line num="40" count="1" type="stmt"/>
        <line num="41" count="1" type="stmt"/>
        <line num="42" count="1" type="stmt"/>
        <line num="43" count="1" type="stmt"/>
        <line num="44" count="1" type="stmt"/>
        <line num="45" count="1" type="stmt"/>
        <line num="46" count="1" type="stmt"/>
        <line num="48" count="1" type="stmt"/>
        <line num="67" count="1" type="stmt"/>
      </file>
    </package>
  </project>
</coverage>
